[18-Mar-2017 14:12:46 Asia/Karachi] ActiveRecord\DatabaseException: PDOException: SQLSTATE[HY000] [1045] Access denied for user 'pvlabpk_qasolar'@'localhost' (using password: YES) in /usr/share/nginx/html/system/orm/lib/Connection.php:260
Stack trace:
#0 /usr/share/nginx/html/system/orm/lib/Connection.php(260): PDO->__construct('mysql:host=loca...', 'pvlabpk_qasolar', 'qasolar12345678...', Array)
#1 /usr/share/nginx/html/system/orm/lib/Connection.php(122): ActiveRecord\Connection->__construct(Object(stdClass))
#2 /usr/share/nginx/html/system/orm/lib/ConnectionManager.php(33): ActiveRecord\Connection::instance('mysql://pvlabpk...')
#3 /usr/share/nginx/html/system/orm/lib/Table.php(114): ActiveRecord\ConnectionManager::get_connection('development')
#4 /usr/share/nginx/html/system/orm/lib/Table.php(90): ActiveRecord\Table->reestablish_connection(false)
#5 /usr/share/nginx/html/system/orm/lib/Table.php(71): ActiveRecord\Table->__construct('Users')
#6 /usr/share/nginx/html/system/orm/lib/Model.php(763): ActiveRecord\Table::load('Users')
#7 /usr/share/nginx/html/system/orm/lib/Model.php(1616): ActiveRecord\Model::table()
#8 [internal function]: ActiveRecord\Model::find('all', Array)
#9 /usr/share/nginx/html/system/orm/lib/Model.php(1444): call_user_func_array('static::find', Array)
#10 /usr/share/nginx/html/index.php(67): ActiveRecord\Model::all(Array)
#11 {main} in /usr/share/nginx/html/system/orm/lib/Connection.php:262
Stack trace:
#0 /usr/share/nginx/html/system/orm/lib/Connection.php(122): ActiveRecord\Connection->__construct(Object(stdClass))
#1 /usr/share/nginx/html/system/orm/lib/ConnectionManager.php(33): ActiveRecord\Connection::instance('mysql://pvlabpk...')
#2 /usr/share/nginx/html/system/orm/lib/Table.php(114): ActiveRecord\ConnectionManager::get_connection('development')
#3 /usr/share/nginx/html/system/orm/lib/Table.php(90): ActiveRecord\Table->reestablish_connection(false)
#4 /usr/share/nginx/html/system/orm/lib/Table.php(71): ActiveRecord\Table->__construct('Users')
#5 /usr/share/nginx/html/system/orm/lib/Model.php(763): ActiveRecord\Table::load('Users')
#6 /usr/share/nginx/html/system/orm/lib/Model.php(1616): ActiveRecord\Model::table()
#7 [internal function]: ActiveRecord\Model::find('all', Array)
#8 /usr/share/nginx/html/system/orm/lib/Model.php(1444): call_user_func_array('static::find', Array)
#9 /usr/share/nginx/html/index.php(67): ActiveRecord\Model::all(Array)
#10 {main}
[18-Mar-2017 14:21:56 Asia/Karachi] PHP Notice:  Undefined variable: total_pages in /usr/share/nginx/html/filters.php on line 46
[18-Mar-2017 14:21:56 Asia/Karachi] PHP Notice:  Undefined variable: assetsGrid in /usr/share/nginx/html/records.php on line 150
[18-Mar-2017 14:21:56 Asia/Karachi] PHP Warning:  Invalid argument supplied for foreach() in /usr/share/nginx/html/records.php on line 150
[18-Mar-2017 15:06:57 Asia/Karachi] PHP Notice:  Undefined variable: total_pages in /usr/share/nginx/html/filters.php on line 46
[18-Mar-2017 15:06:57 Asia/Karachi] PHP Notice:  Undefined variable: assetsGrid in /usr/share/nginx/html/records.php on line 150
[18-Mar-2017 15:06:57 Asia/Karachi] PHP Warning:  Invalid argument supplied for foreach() in /usr/share/nginx/html/records.php on line 150
[18-Mar-2017 22:54:09 Asia/Karachi] PHP Notice:  Undefined variable: total_pages in /usr/share/nginx/html/filters.php on line 46
[18-Mar-2017 22:54:09 Asia/Karachi] PHP Notice:  Undefined variable: assetsGrid in /usr/share/nginx/html/records.php on line 150
[18-Mar-2017 22:54:09 Asia/Karachi] PHP Warning:  Invalid argument supplied for foreach() in /usr/share/nginx/html/records.php on line 150
[18-Mar-2017 23:01:40 Asia/Karachi] PHP Notice:  Undefined variable: total_pages in /usr/share/nginx/html/filters.php on line 46
[18-Mar-2017 23:01:40 Asia/Karachi] PHP Notice:  Undefined variable: assetsGrid in /usr/share/nginx/html/records.php on line 150
[18-Mar-2017 23:01:40 Asia/Karachi] PHP Warning:  Invalid argument supplied for foreach() in /usr/share/nginx/html/records.php on line 150
[18-Mar-2017 23:01:44 Asia/Karachi] PHP Notice:  Undefined variable: total_pages in /usr/share/nginx/html/filters.php on line 46
[18-Mar-2017 23:01:44 Asia/Karachi] PHP Notice:  Undefined variable: assetsGrid in /usr/share/nginx/html/records.php on line 150
[18-Mar-2017 23:01:44 Asia/Karachi] PHP Warning:  Invalid argument supplied for foreach() in /usr/share/nginx/html/records.php on line 150
[18-Mar-2017 23:01:45 Asia/Karachi] PHP Notice:  Undefined variable: total_pages in /usr/share/nginx/html/filters.php on line 46
[18-Mar-2017 23:01:45 Asia/Karachi] PHP Notice:  Undefined variable: assetsGrid in /usr/share/nginx/html/records.php on line 150
[18-Mar-2017 23:01:45 Asia/Karachi] PHP Warning:  Invalid argument supplied for foreach() in /usr/share/nginx/html/records.php on line 150
[18-Mar-2017 23:01:45 Asia/Karachi] PHP Notice:  Undefined variable: total_pages in /usr/share/nginx/html/filters.php on line 46
[18-Mar-2017 23:01:45 Asia/Karachi] PHP Notice:  Undefined variable: assetsGrid in /usr/share/nginx/html/records.php on line 150
[18-Mar-2017 23:01:45 Asia/Karachi] PHP Warning:  Invalid argument supplied for foreach() in /usr/share/nginx/html/records.php on line 150
[18-Mar-2017 23:01:46 Asia/Karachi] PHP Notice:  Undefined variable: total_pages in /usr/share/nginx/html/filters.php on line 46
[18-Mar-2017 23:01:46 Asia/Karachi] PHP Notice:  Undefined variable: assetsGrid in /usr/share/nginx/html/records.php on line 150
[18-Mar-2017 23:01:46 Asia/Karachi] PHP Warning:  Invalid argument supplied for foreach() in /usr/share/nginx/html/records.php on line 150
[18-Mar-2017 23:01:47 Asia/Karachi] PHP Notice:  Undefined variable: total_pages in /usr/share/nginx/html/filters.php on line 46
[18-Mar-2017 23:01:47 Asia/Karachi] PHP Notice:  Undefined variable: assetsGrid in /usr/share/nginx/html/records.php on line 150
[18-Mar-2017 23:01:47 Asia/Karachi] PHP Warning:  Invalid argument supplied for foreach() in /usr/share/nginx/html/records.php on line 150
